Feb 06, 2016 4:27:28 PM org.apache.catalina.startup.VersionLoggerListener log
INFO: Server version:        Apache Tomcat/7.0.67
Feb 06, 2016 4:27:28 PM org.apache.catalina.startup.VersionLoggerListener log
INFO: Server built:          Dec 7 2015 13:07:11 UTC
Feb 06, 2016 4:27:28 PM org.apache.catalina.startup.VersionLoggerListener log
INFO: Server number:         7.0.67.0
Feb 06, 2016 4:27:28 PM org.apache.catalina.startup.VersionLoggerListener log
INFO: OS Name:               Windows 8.1
Feb 06, 2016 4:27:28 PM org.apache.catalina.startup.VersionLoggerListener log
INFO: OS Version:            6.3
Feb 06, 2016 4:27:28 PM org.apache.catalina.startup.VersionLoggerListener log
INFO: Architecture:          amd64
Feb 06, 2016 4:27:28 PM org.apache.catalina.startup.VersionLoggerListener log
INFO: Java Home:             C:\Program Files\Java\jdk1.8.0_73\jre
Feb 06, 2016 4:27:28 PM org.apache.catalina.startup.VersionLoggerListener log
INFO: JVM Version:           1.8.0_73-b02
Feb 06, 2016 4:27:28 PM org.apache.catalina.startup.VersionLoggerListener log
INFO: JVM Vendor:            Oracle Corporation
Feb 06, 2016 4:27:28 PM org.apache.catalina.startup.VersionLoggerListener log
INFO: CATALINA_BASE:         C:\Tommy\College\hophacks 2016\apache-tomcat-7.0.67
Feb 06, 2016 4:27:28 PM org.apache.catalina.startup.VersionLoggerListener log
INFO: CATALINA_HOME:         C:\Tommy\College\hophacks 2016\apache-tomcat-7.0.67
Feb 06, 2016 4:27:28 PM org.apache.catalina.startup.VersionLoggerListener log
INFO: Command line argument: -Djava.util.logging.config.file=C:\Tommy\College\hophacks 2016\apache-tomcat-7.0.67\conf\logging.properties
Feb 06, 2016 4:27:28 PM org.apache.catalina.startup.VersionLoggerListener log
INFO: Command line argument: -Djava.util.logging.manager=org.apache.juli.ClassLoaderLogManager
Feb 06, 2016 4:27:28 PM org.apache.catalina.startup.VersionLoggerListener log
INFO: Command line argument: -Djava.endorsed.dirs=C:\Tommy\College\hophacks 2016\apache-tomcat-7.0.67\endorsed
Feb 06, 2016 4:27:28 PM org.apache.catalina.startup.VersionLoggerListener log
INFO: Command line argument: -Dcatalina.base=C:\Tommy\College\hophacks 2016\apache-tomcat-7.0.67
Feb 06, 2016 4:27:28 PM org.apache.catalina.startup.VersionLoggerListener log
INFO: Command line argument: -Dcatalina.home=C:\Tommy\College\hophacks 2016\apache-tomcat-7.0.67
Feb 06, 2016 4:27:28 PM org.apache.catalina.startup.VersionLoggerListener log
INFO: Command line argument: -Djava.io.tmpdir=C:\Tommy\College\hophacks 2016\apache-tomcat-7.0.67\temp
Feb 06, 2016 4:27:28 PM org.apache.catalina.core.AprLifecycleListener lifecycleEvent
INFO: Loaded APR based Apache Tomcat Native library 1.1.33 using APR version 1.5.1.
Feb 06, 2016 4:27:28 PM org.apache.catalina.core.AprLifecycleListener lifecycleEvent
INFO: APR capabilities: IPv6 [true], sendfile [true], accept filters [false], random [true].
Feb 06, 2016 4:27:29 PM org.apache.catalina.core.AprLifecycleListener initializeSSL
INFO: OpenSSL successfully initialized (OpenSSL 1.0.1m 19 Mar 2015)
Feb 06, 2016 4:27:29 PM org.apache.coyote.AbstractProtocol init
INFO: Initializing ProtocolHandler ["http-apr-8080"]
Feb 06, 2016 4:27:29 PM org.apache.coyote.AbstractProtocol init
INFO: Initializing ProtocolHandler ["ajp-apr-8009"]
Feb 06, 2016 4:27:29 PM org.apache.catalina.startup.Catalina load
INFO: Initialization processed in 1222 ms
Feb 06, 2016 4:27:29 PM org.apache.catalina.core.StandardService startInternal
INFO: Starting service Catalina
Feb 06, 2016 4:27:29 PM org.apache.catalina.core.StandardEngine startInternal
INFO: Starting Servlet Engine: Apache Tomcat/7.0.67
Feb 06, 2016 4:27:29 PM org.apache.catalina.startup.HostConfig deployWAR
INFO: Deploying web application archive C:\Tommy\College\hophacks 2016\apache-tomcat-7.0.67\webapps\webproj1.war
Feb 06, 2016 4:27:30 PM org.apache.catalina.startup.TldConfig execute
INFO: At least one JAR was scanned for TLDs yet contained no TLDs. Enable debug logging for this logger for a complete list of JARs that were scanned but no TLDs were found in them. Skipping unneeded JARs during scanning can improve startup time and JSP compilation time.
Feb 06, 2016 4:27:32 PM org.apache.catalina.startup.HostConfig deployWAR
INFO: Deployment of web application archive C:\Tommy\College\hophacks 2016\apache-tomcat-7.0.67\webapps\webproj1.war has finished in 3,001 ms
Feb 06, 2016 4:27:32 PM org.apache.catalina.startup.HostConfig deployDirectory
INFO: Deploying web application directory C:\Tommy\College\hophacks 2016\apache-tomcat-7.0.67\webapps\docs
Feb 06, 2016 4:27:32 PM org.apache.catalina.startup.HostConfig deployDirectory
INFO: Deployment of web application directory C:\Tommy\College\hophacks 2016\apache-tomcat-7.0.67\webapps\docs has finished in 143 ms
Feb 06, 2016 4:27:32 PM org.apache.catalina.startup.HostConfig deployDirectory
INFO: Deploying web application directory C:\Tommy\College\hophacks 2016\apache-tomcat-7.0.67\webapps\examples
Feb 06, 2016 4:27:33 PM org.apache.catalina.startup.HostConfig deployDirectory
INFO: Deployment of web application directory C:\Tommy\College\hophacks 2016\apache-tomcat-7.0.67\webapps\examples has finished in 491 ms
Feb 06, 2016 4:27:33 PM org.apache.catalina.startup.HostConfig deployDirectory
INFO: Deploying web application directory C:\Tommy\College\hophacks 2016\apache-tomcat-7.0.67\webapps\host-manager
Feb 06, 2016 4:27:33 PM org.apache.catalina.startup.HostConfig deployDirectory
INFO: Deployment of web application directory C:\Tommy\College\hophacks 2016\apache-tomcat-7.0.67\webapps\host-manager has finished in 74 ms
Feb 06, 2016 4:27:33 PM org.apache.catalina.startup.HostConfig deployDirectory
INFO: Deploying web application directory C:\Tommy\College\hophacks 2016\apache-tomcat-7.0.67\webapps\manager
Feb 06, 2016 4:27:33 PM org.apache.catalina.startup.HostConfig deployDirectory
INFO: Deployment of web application directory C:\Tommy\College\hophacks 2016\apache-tomcat-7.0.67\webapps\manager has finished in 72 ms
Feb 06, 2016 4:27:33 PM org.apache.catalina.startup.HostConfig deployDirectory
INFO: Deploying web application directory C:\Tommy\College\hophacks 2016\apache-tomcat-7.0.67\webapps\ROOT
Feb 06, 2016 4:27:33 PM org.apache.catalina.startup.HostConfig deployDirectory
INFO: Deployment of web application directory C:\Tommy\College\hophacks 2016\apache-tomcat-7.0.67\webapps\ROOT has finished in 47 ms
Feb 06, 2016 4:27:33 PM org.apache.coyote.AbstractProtocol start
INFO: Starting ProtocolHandler ["http-apr-8080"]
Feb 06, 2016 4:27:33 PM org.apache.coyote.AbstractProtocol start
INFO: Starting ProtocolHandler ["ajp-apr-8009"]
Feb 06, 2016 4:27:33 PM org.apache.catalina.startup.Catalina start
INFO: Server startup in 3895 ms
Feb 06, 2016 4:32:48 PM org.apache.catalina.startup.VersionLoggerListener log
INFO: Server version:        Apache Tomcat/7.0.67
Feb 06, 2016 4:32:48 PM org.apache.catalina.startup.VersionLoggerListener log
INFO: Server built:          Dec 7 2015 13:07:11 UTC
Feb 06, 2016 4:32:48 PM org.apache.catalina.startup.VersionLoggerListener log
INFO: Server number:         7.0.67.0
Feb 06, 2016 4:32:48 PM org.apache.catalina.startup.VersionLoggerListener log
INFO: OS Name:               Windows 8.1
Feb 06, 2016 4:32:48 PM org.apache.catalina.startup.VersionLoggerListener log
INFO: OS Version:            6.3
Feb 06, 2016 4:32:48 PM org.apache.catalina.startup.VersionLoggerListener log
INFO: Architecture:          amd64
Feb 06, 2016 4:32:48 PM org.apache.catalina.startup.VersionLoggerListener log
INFO: Java Home:             C:\Program Files\Java\jdk1.8.0_73\jre
Feb 06, 2016 4:32:48 PM org.apache.catalina.startup.VersionLoggerListener log
INFO: JVM Version:           1.8.0_73-b02
Feb 06, 2016 4:32:48 PM org.apache.catalina.startup.VersionLoggerListener log
INFO: JVM Vendor:            Oracle Corporation
Feb 06, 2016 4:32:48 PM org.apache.catalina.startup.VersionLoggerListener log
INFO: CATALINA_BASE:         C:\Tommy\College\hophacks 2016\apache-tomcat-7.0.67
Feb 06, 2016 4:32:48 PM org.apache.catalina.startup.VersionLoggerListener log
INFO: CATALINA_HOME:         C:\Tommy\College\hophacks 2016\apache-tomcat-7.0.67
Feb 06, 2016 4:32:48 PM org.apache.catalina.startup.VersionLoggerListener log
INFO: Command line argument: -Djava.util.logging.config.file=C:\Tommy\College\hophacks 2016\apache-tomcat-7.0.67\conf\logging.properties
Feb 06, 2016 4:32:48 PM org.apache.catalina.startup.VersionLoggerListener log
INFO: Command line argument: -Djava.util.logging.manager=org.apache.juli.ClassLoaderLogManager
Feb 06, 2016 4:32:48 PM org.apache.catalina.startup.VersionLoggerListener log
INFO: Command line argument: -Djava.endorsed.dirs=C:\Tommy\College\hophacks 2016\apache-tomcat-7.0.67\endorsed
Feb 06, 2016 4:32:48 PM org.apache.catalina.startup.VersionLoggerListener log
INFO: Command line argument: -Dcatalina.base=C:\Tommy\College\hophacks 2016\apache-tomcat-7.0.67
Feb 06, 2016 4:32:48 PM org.apache.catalina.startup.VersionLoggerListener log
INFO: Command line argument: -Dcatalina.home=C:\Tommy\College\hophacks 2016\apache-tomcat-7.0.67
Feb 06, 2016 4:32:48 PM org.apache.catalina.startup.VersionLoggerListener log
INFO: Command line argument: -Djava.io.tmpdir=C:\Tommy\College\hophacks 2016\apache-tomcat-7.0.67\temp
Feb 06, 2016 4:32:48 PM org.apache.catalina.core.AprLifecycleListener lifecycleEvent
INFO: Loaded APR based Apache Tomcat Native library 1.1.33 using APR version 1.5.1.
Feb 06, 2016 4:32:48 PM org.apache.catalina.core.AprLifecycleListener lifecycleEvent
INFO: APR capabilities: IPv6 [true], sendfile [true], accept filters [false], random [true].
Feb 06, 2016 4:32:49 PM org.apache.catalina.core.AprLifecycleListener initializeSSL
INFO: OpenSSL successfully initialized (OpenSSL 1.0.1m 19 Mar 2015)
Feb 06, 2016 4:32:49 PM org.apache.coyote.AbstractProtocol init
INFO: Initializing ProtocolHandler ["http-apr-8080"]
Feb 06, 2016 4:32:49 PM org.apache.coyote.AbstractProtocol init
INFO: Initializing ProtocolHandler ["ajp-apr-8009"]
Feb 06, 2016 4:32:49 PM org.apache.catalina.startup.Catalina load
INFO: Initialization processed in 937 ms
Feb 06, 2016 4:32:49 PM org.apache.catalina.core.StandardService startInternal
INFO: Starting service Catalina
Feb 06, 2016 4:32:49 PM org.apache.catalina.core.StandardEngine startInternal
INFO: Starting Servlet Engine: Apache Tomcat/7.0.67
Feb 06, 2016 4:32:49 PM org.apache.catalina.startup.HostConfig deployWAR
INFO: Deploying web application archive C:\Tommy\College\hophacks 2016\apache-tomcat-7.0.67\webapps\webproj1.war
Feb 06, 2016 4:32:50 PM org.apache.catalina.startup.TldConfig execute
INFO: At least one JAR was scanned for TLDs yet contained no TLDs. Enable debug logging for this logger for a complete list of JARs that were scanned but no TLDs were found in them. Skipping unneeded JARs during scanning can improve startup time and JSP compilation time.
Feb 06, 2016 4:32:52 PM org.apache.catalina.startup.HostConfig deployWAR
INFO: Deployment of web application archive C:\Tommy\College\hophacks 2016\apache-tomcat-7.0.67\webapps\webproj1.war has finished in 2,821 ms
Feb 06, 2016 4:32:52 PM org.apache.catalina.startup.HostConfig deployDirectory
INFO: Deploying web application directory C:\Tommy\College\hophacks 2016\apache-tomcat-7.0.67\webapps\docs
Feb 06, 2016 4:32:52 PM org.apache.catalina.startup.HostConfig deployDirectory
INFO: Deployment of web application directory C:\Tommy\College\hophacks 2016\apache-tomcat-7.0.67\webapps\docs has finished in 71 ms
Feb 06, 2016 4:32:52 PM org.apache.catalina.startup.HostConfig deployDirectory
INFO: Deploying web application directory C:\Tommy\College\hophacks 2016\apache-tomcat-7.0.67\webapps\examples
Feb 06, 2016 4:32:52 PM org.apache.catalina.startup.HostConfig deployDirectory
INFO: Deployment of web application directory C:\Tommy\College\hophacks 2016\apache-tomcat-7.0.67\webapps\examples has finished in 414 ms
Feb 06, 2016 4:32:52 PM org.apache.catalina.startup.HostConfig deployDirectory
INFO: Deploying web application directory C:\Tommy\College\hophacks 2016\apache-tomcat-7.0.67\webapps\host-manager
Feb 06, 2016 4:32:52 PM org.apache.catalina.startup.HostConfig deployDirectory
INFO: Deployment of web application directory C:\Tommy\College\hophacks 2016\apache-tomcat-7.0.67\webapps\host-manager has finished in 66 ms
Feb 06, 2016 4:32:52 PM org.apache.catalina.startup.HostConfig deployDirectory
INFO: Deploying web application directory C:\Tommy\College\hophacks 2016\apache-tomcat-7.0.67\webapps\manager
Feb 06, 2016 4:32:52 PM org.apache.catalina.startup.HostConfig deployDirectory
INFO: Deployment of web application directory C:\Tommy\College\hophacks 2016\apache-tomcat-7.0.67\webapps\manager has finished in 65 ms
Feb 06, 2016 4:32:52 PM org.apache.catalina.startup.HostConfig deployDirectory
INFO: Deploying web application directory C:\Tommy\College\hophacks 2016\apache-tomcat-7.0.67\webapps\ROOT
Feb 06, 2016 4:32:52 PM org.apache.catalina.startup.HostConfig deployDirectory
INFO: Deployment of web application directory C:\Tommy\College\hophacks 2016\apache-tomcat-7.0.67\webapps\ROOT has finished in 52 ms
Feb 06, 2016 4:32:52 PM org.apache.coyote.AbstractProtocol start
INFO: Starting ProtocolHandler ["http-apr-8080"]
Feb 06, 2016 4:32:52 PM org.apache.coyote.AbstractProtocol start
INFO: Starting ProtocolHandler ["ajp-apr-8009"]
Feb 06, 2016 4:32:52 PM org.apache.catalina.startup.Catalina start
INFO: Server startup in 3550 ms
Feb 06, 2016 4:56:54 PM org.apache.catalina.startup.VersionLoggerListener log
INFO: Server version:        Apache Tomcat/7.0.67
Feb 06, 2016 4:56:54 PM org.apache.catalina.startup.VersionLoggerListener log
INFO: Server built:          Dec 7 2015 13:07:11 UTC
Feb 06, 2016 4:56:54 PM org.apache.catalina.startup.VersionLoggerListener log
INFO: Server number:         7.0.67.0
Feb 06, 2016 4:56:54 PM org.apache.catalina.startup.VersionLoggerListener log
INFO: OS Name:               Windows 8.1
Feb 06, 2016 4:56:54 PM org.apache.catalina.startup.VersionLoggerListener log
INFO: OS Version:            6.3
Feb 06, 2016 4:56:54 PM org.apache.catalina.startup.VersionLoggerListener log
INFO: Architecture:          amd64
Feb 06, 2016 4:56:54 PM org.apache.catalina.startup.VersionLoggerListener log
INFO: Java Home:             C:\Program Files\Java\jdk1.8.0_73\jre
Feb 06, 2016 4:56:54 PM org.apache.catalina.startup.VersionLoggerListener log
INFO: JVM Version:           1.8.0_73-b02
Feb 06, 2016 4:56:54 PM org.apache.catalina.startup.VersionLoggerListener log
INFO: JVM Vendor:            Oracle Corporation
Feb 06, 2016 4:56:54 PM org.apache.catalina.startup.VersionLoggerListener log
INFO: CATALINA_BASE:         C:\Tommy\College\hophacks 2016\apache-tomcat-7.0.67
Feb 06, 2016 4:56:54 PM org.apache.catalina.startup.VersionLoggerListener log
INFO: CATALINA_HOME:         C:\Tommy\College\hophacks 2016\apache-tomcat-7.0.67
Feb 06, 2016 4:56:54 PM org.apache.catalina.startup.VersionLoggerListener log
INFO: Command line argument: -Djava.util.logging.config.file=C:\Tommy\College\hophacks 2016\apache-tomcat-7.0.67\conf\logging.properties
Feb 06, 2016 4:56:54 PM org.apache.catalina.startup.VersionLoggerListener log
INFO: Command line argument: -Djava.util.logging.manager=org.apache.juli.ClassLoaderLogManager
Feb 06, 2016 4:56:54 PM org.apache.catalina.startup.VersionLoggerListener log
INFO: Command line argument: -Djava.endorsed.dirs=C:\Tommy\College\hophacks 2016\apache-tomcat-7.0.67\endorsed
Feb 06, 2016 4:56:54 PM org.apache.catalina.startup.VersionLoggerListener log
INFO: Command line argument: -Dcatalina.base=C:\Tommy\College\hophacks 2016\apache-tomcat-7.0.67
Feb 06, 2016 4:56:54 PM org.apache.catalina.startup.VersionLoggerListener log
INFO: Command line argument: -Dcatalina.home=C:\Tommy\College\hophacks 2016\apache-tomcat-7.0.67
Feb 06, 2016 4:56:54 PM org.apache.catalina.startup.VersionLoggerListener log
INFO: Command line argument: -Djava.io.tmpdir=C:\Tommy\College\hophacks 2016\apache-tomcat-7.0.67\temp
Feb 06, 2016 4:56:54 PM org.apache.catalina.core.AprLifecycleListener lifecycleEvent
INFO: Loaded APR based Apache Tomcat Native library 1.1.33 using APR version 1.5.1.
Feb 06, 2016 4:56:54 PM org.apache.catalina.core.AprLifecycleListener lifecycleEvent
INFO: APR capabilities: IPv6 [true], sendfile [true], accept filters [false], random [true].
Feb 06, 2016 4:56:55 PM org.apache.catalina.core.AprLifecycleListener initializeSSL
INFO: OpenSSL successfully initialized (OpenSSL 1.0.1m 19 Mar 2015)
Feb 06, 2016 4:56:55 PM org.apache.coyote.AbstractProtocol init
INFO: Initializing ProtocolHandler ["http-apr-8080"]
Feb 06, 2016 4:56:55 PM org.apache.coyote.AbstractProtocol init
INFO: Initializing ProtocolHandler ["ajp-apr-8009"]
Feb 06, 2016 4:56:55 PM org.apache.catalina.startup.Catalina load
INFO: Initialization processed in 961 ms
Feb 06, 2016 4:56:55 PM org.apache.catalina.core.StandardService startInternal
INFO: Starting service Catalina
Feb 06, 2016 4:56:55 PM org.apache.catalina.core.StandardEngine startInternal
INFO: Starting Servlet Engine: Apache Tomcat/7.0.67
Feb 06, 2016 4:56:55 PM org.apache.catalina.startup.HostConfig deployWAR
INFO: Deploying web application archive C:\Tommy\College\hophacks 2016\apache-tomcat-7.0.67\webapps\webproj1.war
Feb 06, 2016 4:56:56 PM org.apache.catalina.startup.TldConfig execute
INFO: At least one JAR was scanned for TLDs yet contained no TLDs. Enable debug logging for this logger for a complete list of JARs that were scanned but no TLDs were found in them. Skipping unneeded JARs during scanning can improve startup time and JSP compilation time.
Feb 06, 2016 4:56:57 PM org.apache.catalina.startup.HostConfig deployWAR
INFO: Deployment of web application archive C:\Tommy\College\hophacks 2016\apache-tomcat-7.0.67\webapps\webproj1.war has finished in 2,741 ms
Feb 06, 2016 4:56:57 PM org.apache.catalina.startup.HostConfig deployDirectory
INFO: Deploying web application directory C:\Tommy\College\hophacks 2016\apache-tomcat-7.0.67\webapps\docs
Feb 06, 2016 4:56:58 PM org.apache.catalina.startup.HostConfig deployDirectory
INFO: Deployment of web application directory C:\Tommy\College\hophacks 2016\apache-tomcat-7.0.67\webapps\docs has finished in 56 ms
Feb 06, 2016 4:56:58 PM org.apache.catalina.startup.HostConfig deployDirectory
INFO: Deploying web application directory C:\Tommy\College\hophacks 2016\apache-tomcat-7.0.67\webapps\examples
Feb 06, 2016 4:56:58 PM org.apache.catalina.startup.HostConfig deployDirectory
INFO: Deployment of web application directory C:\Tommy\College\hophacks 2016\apache-tomcat-7.0.67\webapps\examples has finished in 301 ms
Feb 06, 2016 4:56:58 PM org.apache.catalina.startup.HostConfig deployDirectory
INFO: Deploying web application directory C:\Tommy\College\hophacks 2016\apache-tomcat-7.0.67\webapps\host-manager
Feb 06, 2016 4:56:58 PM org.apache.catalina.startup.HostConfig deployDirectory
INFO: Deployment of web application directory C:\Tommy\College\hophacks 2016\apache-tomcat-7.0.67\webapps\host-manager has finished in 47 ms
Feb 06, 2016 4:56:58 PM org.apache.catalina.startup.HostConfig deployDirectory
INFO: Deploying web application directory C:\Tommy\College\hophacks 2016\apache-tomcat-7.0.67\webapps\manager
Feb 06, 2016 4:56:58 PM org.apache.catalina.startup.HostConfig deployDirectory
INFO: Deployment of web application directory C:\Tommy\College\hophacks 2016\apache-tomcat-7.0.67\webapps\manager has finished in 70 ms
Feb 06, 2016 4:56:58 PM org.apache.catalina.startup.HostConfig deployDirectory
INFO: Deploying web application directory C:\Tommy\College\hophacks 2016\apache-tomcat-7.0.67\webapps\ROOT
Feb 06, 2016 4:56:58 PM org.apache.catalina.startup.HostConfig deployDirectory
INFO: Deployment of web application directory C:\Tommy\College\hophacks 2016\apache-tomcat-7.0.67\webapps\ROOT has finished in 48 ms
Feb 06, 2016 4:56:58 PM org.apache.coyote.AbstractProtocol start
INFO: Starting ProtocolHandler ["http-apr-8080"]
Feb 06, 2016 4:56:58 PM org.apache.coyote.AbstractProtocol start
INFO: Starting ProtocolHandler ["ajp-apr-8009"]
Feb 06, 2016 4:56:58 PM org.apache.catalina.startup.Catalina start
INFO: Server startup in 3316 ms
Feb 06, 2016 5:10:37 PM org.apache.catalina.startup.VersionLoggerListener log
INFO: Server version:        Apache Tomcat/7.0.67
Feb 06, 2016 5:10:37 PM org.apache.catalina.startup.VersionLoggerListener log
INFO: Server built:          Dec 7 2015 13:07:11 UTC
Feb 06, 2016 5:10:37 PM org.apache.catalina.startup.VersionLoggerListener log
INFO: Server number:         7.0.67.0
Feb 06, 2016 5:10:37 PM org.apache.catalina.startup.VersionLoggerListener log
INFO: OS Name:               Windows 8.1
Feb 06, 2016 5:10:37 PM org.apache.catalina.startup.VersionLoggerListener log
INFO: OS Version:            6.3
Feb 06, 2016 5:10:37 PM org.apache.catalina.startup.VersionLoggerListener log
INFO: Architecture:          amd64
Feb 06, 2016 5:10:37 PM org.apache.catalina.startup.VersionLoggerListener log
INFO: Java Home:             C:\Program Files\Java\jdk1.8.0_73\jre
Feb 06, 2016 5:10:37 PM org.apache.catalina.startup.VersionLoggerListener log
INFO: JVM Version:           1.8.0_73-b02
Feb 06, 2016 5:10:37 PM org.apache.catalina.startup.VersionLoggerListener log
INFO: JVM Vendor:            Oracle Corporation
Feb 06, 2016 5:10:37 PM org.apache.catalina.startup.VersionLoggerListener log
INFO: CATALINA_BASE:         C:\Tommy\College\hophacks 2016\apache-tomcat-7.0.67
Feb 06, 2016 5:10:37 PM org.apache.catalina.startup.VersionLoggerListener log
INFO: CATALINA_HOME:         C:\Tommy\College\hophacks 2016\apache-tomcat-7.0.67
Feb 06, 2016 5:10:37 PM org.apache.catalina.startup.VersionLoggerListener log
INFO: Command line argument: -Djava.util.logging.config.file=C:\Tommy\College\hophacks 2016\apache-tomcat-7.0.67\conf\logging.properties
Feb 06, 2016 5:10:37 PM org.apache.catalina.startup.VersionLoggerListener log
INFO: Command line argument: -Djava.util.logging.manager=org.apache.juli.ClassLoaderLogManager
Feb 06, 2016 5:10:37 PM org.apache.catalina.startup.VersionLoggerListener log
INFO: Command line argument: -Djava.endorsed.dirs=C:\Tommy\College\hophacks 2016\apache-tomcat-7.0.67\endorsed
Feb 06, 2016 5:10:37 PM org.apache.catalina.startup.VersionLoggerListener log
INFO: Command line argument: -Dcatalina.base=C:\Tommy\College\hophacks 2016\apache-tomcat-7.0.67
Feb 06, 2016 5:10:37 PM org.apache.catalina.startup.VersionLoggerListener log
INFO: Command line argument: -Dcatalina.home=C:\Tommy\College\hophacks 2016\apache-tomcat-7.0.67
Feb 06, 2016 5:10:37 PM org.apache.catalina.startup.VersionLoggerListener log
INFO: Command line argument: -Djava.io.tmpdir=C:\Tommy\College\hophacks 2016\apache-tomcat-7.0.67\temp
Feb 06, 2016 5:10:37 PM org.apache.catalina.core.AprLifecycleListener lifecycleEvent
INFO: Loaded APR based Apache Tomcat Native library 1.1.33 using APR version 1.5.1.
Feb 06, 2016 5:10:37 PM org.apache.catalina.core.AprLifecycleListener lifecycleEvent
INFO: APR capabilities: IPv6 [true], sendfile [true], accept filters [false], random [true].
Feb 06, 2016 5:10:37 PM org.apache.catalina.core.AprLifecycleListener initializeSSL
INFO: OpenSSL successfully initialized (OpenSSL 1.0.1m 19 Mar 2015)
Feb 06, 2016 5:10:38 PM org.apache.coyote.AbstractProtocol init
INFO: Initializing ProtocolHandler ["http-apr-8080"]
Feb 06, 2016 5:10:38 PM org.apache.coyote.AbstractProtocol init
INFO: Initializing ProtocolHandler ["ajp-apr-8009"]
Feb 06, 2016 5:10:38 PM org.apache.catalina.startup.Catalina load
INFO: Initialization processed in 957 ms
Feb 06, 2016 5:10:38 PM org.apache.catalina.core.StandardService startInternal
INFO: Starting service Catalina
Feb 06, 2016 5:10:38 PM org.apache.catalina.core.StandardEngine startInternal
INFO: Starting Servlet Engine: Apache Tomcat/7.0.67
Feb 06, 2016 5:10:38 PM org.apache.catalina.startup.HostConfig deployWAR
INFO: Deploying web application archive C:\Tommy\College\hophacks 2016\apache-tomcat-7.0.67\webapps\webproj1.war
Feb 06, 2016 5:10:39 PM org.apache.catalina.startup.TldConfig execute
INFO: At least one JAR was scanned for TLDs yet contained no TLDs. Enable debug logging for this logger for a complete list of JARs that were scanned but no TLDs were found in them. Skipping unneeded JARs during scanning can improve startup time and JSP compilation time.
Feb 06, 2016 5:10:40 PM org.apache.catalina.startup.HostConfig deployWAR
INFO: Deployment of web application archive C:\Tommy\College\hophacks 2016\apache-tomcat-7.0.67\webapps\webproj1.war has finished in 2,894 ms
Feb 06, 2016 5:10:40 PM org.apache.catalina.startup.HostConfig deployDirectory
INFO: Deploying web application directory C:\Tommy\College\hophacks 2016\apache-tomcat-7.0.67\webapps\docs
Feb 06, 2016 5:10:41 PM org.apache.catalina.startup.HostConfig deployDirectory
INFO: Deployment of web application directory C:\Tommy\College\hophacks 2016\apache-tomcat-7.0.67\webapps\docs has finished in 48 ms
Feb 06, 2016 5:10:41 PM org.apache.catalina.startup.HostConfig deployDirectory
INFO: Deploying web application directory C:\Tommy\College\hophacks 2016\apache-tomcat-7.0.67\webapps\examples
Feb 06, 2016 5:10:41 PM org.apache.catalina.startup.HostConfig deployDirectory
INFO: Deployment of web application directory C:\Tommy\College\hophacks 2016\apache-tomcat-7.0.67\webapps\examples has finished in 289 ms
Feb 06, 2016 5:10:41 PM org.apache.catalina.startup.HostConfig deployDirectory
INFO: Deploying web application directory C:\Tommy\College\hophacks 2016\apache-tomcat-7.0.67\webapps\host-manager
Feb 06, 2016 5:10:41 PM org.apache.catalina.startup.HostConfig deployDirectory
INFO: Deployment of web application directory C:\Tommy\College\hophacks 2016\apache-tomcat-7.0.67\webapps\host-manager has finished in 67 ms
Feb 06, 2016 5:10:41 PM org.apache.catalina.startup.HostConfig deployDirectory
INFO: Deploying web application directory C:\Tommy\College\hophacks 2016\apache-tomcat-7.0.67\webapps\manager
Feb 06, 2016 5:10:41 PM org.apache.catalina.startup.HostConfig deployDirectory
INFO: Deployment of web application directory C:\Tommy\College\hophacks 2016\apache-tomcat-7.0.67\webapps\manager has finished in 60 ms
Feb 06, 2016 5:10:41 PM org.apache.catalina.startup.HostConfig deployDirectory
INFO: Deploying web application directory C:\Tommy\College\hophacks 2016\apache-tomcat-7.0.67\webapps\ROOT
Feb 06, 2016 5:10:41 PM org.apache.catalina.startup.HostConfig deployDirectory
INFO: Deployment of web application directory C:\Tommy\College\hophacks 2016\apache-tomcat-7.0.67\webapps\ROOT has finished in 39 ms
Feb 06, 2016 5:10:41 PM org.apache.coyote.AbstractProtocol start
INFO: Starting ProtocolHandler ["http-apr-8080"]
Feb 06, 2016 5:10:41 PM org.apache.coyote.AbstractProtocol start
INFO: Starting ProtocolHandler ["ajp-apr-8009"]
Feb 06, 2016 5:10:41 PM org.apache.catalina.startup.Catalina start
INFO: Server startup in 3452 ms
Feb 06, 2016 5:16:41 PM org.apache.catalina.startup.VersionLoggerListener log
INFO: Server version:        Apache Tomcat/7.0.67
Feb 06, 2016 5:16:41 PM org.apache.catalina.startup.VersionLoggerListener log
INFO: Server built:          Dec 7 2015 13:07:11 UTC
Feb 06, 2016 5:16:41 PM org.apache.catalina.startup.VersionLoggerListener log
INFO: Server number:         7.0.67.0
Feb 06, 2016 5:16:41 PM org.apache.catalina.startup.VersionLoggerListener log
INFO: OS Name:               Windows 8.1
Feb 06, 2016 5:16:41 PM org.apache.catalina.startup.VersionLoggerListener log
INFO: OS Version:            6.3
Feb 06, 2016 5:16:41 PM org.apache.catalina.startup.VersionLoggerListener log
INFO: Architecture:          amd64
Feb 06, 2016 5:16:41 PM org.apache.catalina.startup.VersionLoggerListener log
INFO: Java Home:             C:\Program Files\Java\jdk1.8.0_73\jre
Feb 06, 2016 5:16:41 PM org.apache.catalina.startup.VersionLoggerListener log
INFO: JVM Version:           1.8.0_73-b02
Feb 06, 2016 5:16:41 PM org.apache.catalina.startup.VersionLoggerListener log
INFO: JVM Vendor:            Oracle Corporation
Feb 06, 2016 5:16:41 PM org.apache.catalina.startup.VersionLoggerListener log
INFO: CATALINA_BASE:         C:\Tommy\College\hophacks 2016\apache-tomcat-7.0.67
Feb 06, 2016 5:16:41 PM org.apache.catalina.startup.VersionLoggerListener log
INFO: CATALINA_HOME:         C:\Tommy\College\hophacks 2016\apache-tomcat-7.0.67
Feb 06, 2016 5:16:41 PM org.apache.catalina.startup.VersionLoggerListener log
INFO: Command line argument: -Djava.util.logging.config.file=C:\Tommy\College\hophacks 2016\apache-tomcat-7.0.67\conf\logging.properties
Feb 06, 2016 5:16:41 PM org.apache.catalina.startup.VersionLoggerListener log
INFO: Command line argument: -Djava.util.logging.manager=org.apache.juli.ClassLoaderLogManager
Feb 06, 2016 5:16:41 PM org.apache.catalina.startup.VersionLoggerListener log
INFO: Command line argument: -Djava.endorsed.dirs=C:\Tommy\College\hophacks 2016\apache-tomcat-7.0.67\endorsed
Feb 06, 2016 5:16:41 PM org.apache.catalina.startup.VersionLoggerListener log
INFO: Command line argument: -Dcatalina.base=C:\Tommy\College\hophacks 2016\apache-tomcat-7.0.67
Feb 06, 2016 5:16:41 PM org.apache.catalina.startup.VersionLoggerListener log
INFO: Command line argument: -Dcatalina.home=C:\Tommy\College\hophacks 2016\apache-tomcat-7.0.67
Feb 06, 2016 5:16:41 PM org.apache.catalina.startup.VersionLoggerListener log
INFO: Command line argument: -Djava.io.tmpdir=C:\Tommy\College\hophacks 2016\apache-tomcat-7.0.67\temp
Feb 06, 2016 5:16:41 PM org.apache.catalina.core.AprLifecycleListener lifecycleEvent
INFO: Loaded APR based Apache Tomcat Native library 1.1.33 using APR version 1.5.1.
Feb 06, 2016 5:16:41 PM org.apache.catalina.core.AprLifecycleListener lifecycleEvent
INFO: APR capabilities: IPv6 [true], sendfile [true], accept filters [false], random [true].
Feb 06, 2016 5:16:41 PM org.apache.catalina.core.AprLifecycleListener initializeSSL
INFO: OpenSSL successfully initialized (OpenSSL 1.0.1m 19 Mar 2015)
Feb 06, 2016 5:16:41 PM org.apache.coyote.AbstractProtocol init
INFO: Initializing ProtocolHandler ["http-apr-8080"]
Feb 06, 2016 5:16:41 PM org.apache.coyote.AbstractProtocol init
INFO: Initializing ProtocolHandler ["ajp-apr-8009"]
Feb 06, 2016 5:16:41 PM org.apache.catalina.startup.Catalina load
INFO: Initialization processed in 963 ms
Feb 06, 2016 5:16:41 PM org.apache.catalina.core.StandardService startInternal
INFO: Starting service Catalina
Feb 06, 2016 5:16:41 PM org.apache.catalina.core.StandardEngine startInternal
INFO: Starting Servlet Engine: Apache Tomcat/7.0.67
Feb 06, 2016 5:16:41 PM org.apache.catalina.startup.HostConfig deployWAR
INFO: Deploying web application archive C:\Tommy\College\hophacks 2016\apache-tomcat-7.0.67\webapps\webproj1.war
Feb 06, 2016 5:16:42 PM org.apache.catalina.startup.TldConfig execute
INFO: At least one JAR was scanned for TLDs yet contained no TLDs. Enable debug logging for this logger for a complete list of JARs that were scanned but no TLDs were found in them. Skipping unneeded JARs during scanning can improve startup time and JSP compilation time.
Feb 06, 2016 5:16:44 PM org.apache.catalina.startup.HostConfig deployWAR
INFO: Deployment of web application archive C:\Tommy\College\hophacks 2016\apache-tomcat-7.0.67\webapps\webproj1.war has finished in 2,898 ms
Feb 06, 2016 5:16:44 PM org.apache.catalina.startup.HostConfig deployDirectory
INFO: Deploying web application directory C:\Tommy\College\hophacks 2016\apache-tomcat-7.0.67\webapps\docs
Feb 06, 2016 5:16:44 PM org.apache.catalina.startup.HostConfig deployDirectory
INFO: Deployment of web application directory C:\Tommy\College\hophacks 2016\apache-tomcat-7.0.67\webapps\docs has finished in 60 ms
Feb 06, 2016 5:16:44 PM org.apache.catalina.startup.HostConfig deployDirectory
INFO: Deploying web application directory C:\Tommy\College\hophacks 2016\apache-tomcat-7.0.67\webapps\examples
Feb 06, 2016 5:16:45 PM org.apache.catalina.startup.HostConfig deployDirectory
INFO: Deployment of web application directory C:\Tommy\College\hophacks 2016\apache-tomcat-7.0.67\webapps\examples has finished in 365 ms
Feb 06, 2016 5:16:45 PM org.apache.catalina.startup.HostConfig deployDirectory
INFO: Deploying web application directory C:\Tommy\College\hophacks 2016\apache-tomcat-7.0.67\webapps\host-manager
Feb 06, 2016 5:16:45 PM org.apache.catalina.startup.HostConfig deployDirectory
INFO: Deployment of web application directory C:\Tommy\College\hophacks 2016\apache-tomcat-7.0.67\webapps\host-manager has finished in 66 ms
Feb 06, 2016 5:16:45 PM org.apache.catalina.startup.HostConfig deployDirectory
INFO: Deploying web application directory C:\Tommy\College\hophacks 2016\apache-tomcat-7.0.67\webapps\manager
Feb 06, 2016 5:16:45 PM org.apache.catalina.startup.HostConfig deployDirectory
INFO: Deployment of web application directory C:\Tommy\College\hophacks 2016\apache-tomcat-7.0.67\webapps\manager has finished in 53 ms
Feb 06, 2016 5:16:45 PM org.apache.catalina.startup.HostConfig deployDirectory
INFO: Deploying web application directory C:\Tommy\College\hophacks 2016\apache-tomcat-7.0.67\webapps\ROOT
Feb 06, 2016 5:16:45 PM org.apache.catalina.startup.HostConfig deployDirectory
INFO: Deployment of web application directory C:\Tommy\College\hophacks 2016\apache-tomcat-7.0.67\webapps\ROOT has finished in 45 ms
Feb 06, 2016 5:16:45 PM org.apache.coyote.AbstractProtocol start
INFO: Starting ProtocolHandler ["http-apr-8080"]
Feb 06, 2016 5:16:45 PM org.apache.coyote.AbstractProtocol start
INFO: Starting ProtocolHandler ["ajp-apr-8009"]
Feb 06, 2016 5:16:45 PM org.apache.catalina.startup.Catalina start
INFO: Server startup in 3546 ms
Feb 06, 2016 5:28:25 PM org.apache.catalina.startup.VersionLoggerListener log
INFO: Server version:        Apache Tomcat/7.0.67
Feb 06, 2016 5:28:25 PM org.apache.catalina.startup.VersionLoggerListener log
INFO: Server built:          Dec 7 2015 13:07:11 UTC
Feb 06, 2016 5:28:25 PM org.apache.catalina.startup.VersionLoggerListener log
INFO: Server number:         7.0.67.0
Feb 06, 2016 5:28:25 PM org.apache.catalina.startup.VersionLoggerListener log
INFO: OS Name:               Windows 8.1
Feb 06, 2016 5:28:25 PM org.apache.catalina.startup.VersionLoggerListener log
INFO: OS Version:            6.3
Feb 06, 2016 5:28:25 PM org.apache.catalina.startup.VersionLoggerListener log
INFO: Architecture:          amd64
Feb 06, 2016 5:28:25 PM org.apache.catalina.startup.VersionLoggerListener log
INFO: Java Home:             C:\Program Files\Java\jdk1.8.0_73\jre
Feb 06, 2016 5:28:25 PM org.apache.catalina.startup.VersionLoggerListener log
INFO: JVM Version:           1.8.0_73-b02
Feb 06, 2016 5:28:25 PM org.apache.catalina.startup.VersionLoggerListener log
INFO: JVM Vendor:            Oracle Corporation
Feb 06, 2016 5:28:25 PM org.apache.catalina.startup.VersionLoggerListener log
INFO: CATALINA_BASE:         C:\Tommy\College\hophacks 2016\apache-tomcat-7.0.67
Feb 06, 2016 5:28:25 PM org.apache.catalina.startup.VersionLoggerListener log
INFO: CATALINA_HOME:         C:\Tommy\College\hophacks 2016\apache-tomcat-7.0.67
Feb 06, 2016 5:28:25 PM org.apache.catalina.startup.VersionLoggerListener log
INFO: Command line argument: -Djava.util.logging.config.file=C:\Tommy\College\hophacks 2016\apache-tomcat-7.0.67\conf\logging.properties
Feb 06, 2016 5:28:25 PM org.apache.catalina.startup.VersionLoggerListener log
INFO: Command line argument: -Djava.util.logging.manager=org.apache.juli.ClassLoaderLogManager
Feb 06, 2016 5:28:25 PM org.apache.catalina.startup.VersionLoggerListener log
INFO: Command line argument: -Djava.endorsed.dirs=C:\Tommy\College\hophacks 2016\apache-tomcat-7.0.67\endorsed
Feb 06, 2016 5:28:25 PM org.apache.catalina.startup.VersionLoggerListener log
INFO: Command line argument: -Dcatalina.base=C:\Tommy\College\hophacks 2016\apache-tomcat-7.0.67
Feb 06, 2016 5:28:25 PM org.apache.catalina.startup.VersionLoggerListener log
INFO: Command line argument: -Dcatalina.home=C:\Tommy\College\hophacks 2016\apache-tomcat-7.0.67
Feb 06, 2016 5:28:25 PM org.apache.catalina.startup.VersionLoggerListener log
INFO: Command line argument: -Djava.io.tmpdir=C:\Tommy\College\hophacks 2016\apache-tomcat-7.0.67\temp
Feb 06, 2016 5:28:25 PM org.apache.catalina.core.AprLifecycleListener lifecycleEvent
INFO: Loaded APR based Apache Tomcat Native library 1.1.33 using APR version 1.5.1.
Feb 06, 2016 5:28:25 PM org.apache.catalina.core.AprLifecycleListener lifecycleEvent
INFO: APR capabilities: IPv6 [true], sendfile [true], accept filters [false], random [true].
Feb 06, 2016 5:28:25 PM org.apache.catalina.core.AprLifecycleListener initializeSSL
INFO: OpenSSL successfully initialized (OpenSSL 1.0.1m 19 Mar 2015)
Feb 06, 2016 5:28:25 PM org.apache.coyote.AbstractProtocol init
INFO: Initializing ProtocolHandler ["http-apr-8080"]
Feb 06, 2016 5:28:25 PM org.apache.coyote.AbstractProtocol init
INFO: Initializing ProtocolHandler ["ajp-apr-8009"]
Feb 06, 2016 5:28:25 PM org.apache.catalina.startup.Catalina load
INFO: Initialization processed in 988 ms
Feb 06, 2016 5:28:25 PM org.apache.catalina.core.StandardService startInternal
INFO: Starting service Catalina
Feb 06, 2016 5:28:25 PM org.apache.catalina.core.StandardEngine startInternal
INFO: Starting Servlet Engine: Apache Tomcat/7.0.67
Feb 06, 2016 5:28:25 PM org.apache.catalina.startup.HostConfig deployWAR
INFO: Deploying web application archive C:\Tommy\College\hophacks 2016\apache-tomcat-7.0.67\webapps\webproj1.war
Feb 06, 2016 5:28:27 PM org.apache.catalina.startup.TldConfig execute
INFO: At least one JAR was scanned for TLDs yet contained no TLDs. Enable debug logging for this logger for a complete list of JARs that were scanned but no TLDs were found in them. Skipping unneeded JARs during scanning can improve startup time and JSP compilation time.
Feb 06, 2016 5:28:28 PM org.apache.catalina.startup.HostConfig deployWAR
INFO: Deployment of web application archive C:\Tommy\College\hophacks 2016\apache-tomcat-7.0.67\webapps\webproj1.war has finished in 2,894 ms
Feb 06, 2016 5:28:28 PM org.apache.catalina.startup.HostConfig deployDirectory
INFO: Deploying web application directory C:\Tommy\College\hophacks 2016\apache-tomcat-7.0.67\webapps\docs
Feb 06, 2016 5:28:28 PM org.apache.catalina.startup.HostConfig deployDirectory
INFO: Deployment of web application directory C:\Tommy\College\hophacks 2016\apache-tomcat-7.0.67\webapps\docs has finished in 45 ms
Feb 06, 2016 5:28:28 PM org.apache.catalina.startup.HostConfig deployDirectory
INFO: Deploying web application directory C:\Tommy\College\hophacks 2016\apache-tomcat-7.0.67\webapps\examples
Feb 06, 2016 5:28:29 PM org.apache.catalina.startup.HostConfig deployDirectory
INFO: Deployment of web application directory C:\Tommy\College\hophacks 2016\apache-tomcat-7.0.67\webapps\examples has finished in 291 ms
Feb 06, 2016 5:28:29 PM org.apache.catalina.startup.HostConfig deployDirectory
INFO: Deploying web application directory C:\Tommy\College\hophacks 2016\apache-tomcat-7.0.67\webapps\host-manager
Feb 06, 2016 5:28:29 PM org.apache.catalina.startup.HostConfig deployDirectory
INFO: Deployment of web application directory C:\Tommy\College\hophacks 2016\apache-tomcat-7.0.67\webapps\host-manager has finished in 50 ms
Feb 06, 2016 5:28:29 PM org.apache.catalina.startup.HostConfig deployDirectory
INFO: Deploying web application directory C:\Tommy\College\hophacks 2016\apache-tomcat-7.0.67\webapps\manager
Feb 06, 2016 5:28:29 PM org.apache.catalina.startup.HostConfig deployDirectory
INFO: Deployment of web application directory C:\Tommy\College\hophacks 2016\apache-tomcat-7.0.67\webapps\manager has finished in 63 ms
Feb 06, 2016 5:28:29 PM org.apache.catalina.startup.HostConfig deployDirectory
INFO: Deploying web application directory C:\Tommy\College\hophacks 2016\apache-tomcat-7.0.67\webapps\ROOT
Feb 06, 2016 5:28:29 PM org.apache.catalina.startup.HostConfig deployDirectory
INFO: Deployment of web application directory C:\Tommy\College\hophacks 2016\apache-tomcat-7.0.67\webapps\ROOT has finished in 42 ms
Feb 06, 2016 5:28:29 PM org.apache.coyote.AbstractProtocol start
INFO: Starting ProtocolHandler ["http-apr-8080"]
Feb 06, 2016 5:28:29 PM org.apache.coyote.AbstractProtocol start
INFO: Starting ProtocolHandler ["ajp-apr-8009"]
Feb 06, 2016 5:28:29 PM org.apache.catalina.startup.Catalina start
INFO: Server startup in 3446 ms
Feb 06, 2016 7:07:46 PM org.apache.catalina.startup.VersionLoggerListener log
INFO: Server version:        Apache Tomcat/7.0.67
Feb 06, 2016 7:07:46 PM org.apache.catalina.startup.VersionLoggerListener log
INFO: Server built:          Dec 7 2015 13:07:11 UTC
Feb 06, 2016 7:07:46 PM org.apache.catalina.startup.VersionLoggerListener log
INFO: Server number:         7.0.67.0
Feb 06, 2016 7:07:46 PM org.apache.catalina.startup.VersionLoggerListener log
INFO: OS Name:               Windows 8.1
Feb 06, 2016 7:07:46 PM org.apache.catalina.startup.VersionLoggerListener log
INFO: OS Version:            6.3
Feb 06, 2016 7:07:46 PM org.apache.catalina.startup.VersionLoggerListener log
INFO: Architecture:          amd64
Feb 06, 2016 7:07:46 PM org.apache.catalina.startup.VersionLoggerListener log
INFO: Java Home:             C:\Program Files\Java\jdk1.8.0_73\jre
Feb 06, 2016 7:07:46 PM org.apache.catalina.startup.VersionLoggerListener log
INFO: JVM Version:           1.8.0_73-b02
Feb 06, 2016 7:07:46 PM org.apache.catalina.startup.VersionLoggerListener log
INFO: JVM Vendor:            Oracle Corporation
Feb 06, 2016 7:07:46 PM org.apache.catalina.startup.VersionLoggerListener log
INFO: CATALINA_BASE:         C:\Tommy\College\hophacks 2016\apache-tomcat-7.0.67
Feb 06, 2016 7:07:46 PM org.apache.catalina.startup.VersionLoggerListener log
INFO: CATALINA_HOME:         C:\Tommy\College\hophacks 2016\apache-tomcat-7.0.67
Feb 06, 2016 7:07:46 PM org.apache.catalina.startup.VersionLoggerListener log
INFO: Command line argument: -Djava.util.logging.config.file=C:\Tommy\College\hophacks 2016\apache-tomcat-7.0.67\conf\logging.properties
Feb 06, 2016 7:07:46 PM org.apache.catalina.startup.VersionLoggerListener log
INFO: Command line argument: -Djava.util.logging.manager=org.apache.juli.ClassLoaderLogManager
Feb 06, 2016 7:07:46 PM org.apache.catalina.startup.VersionLoggerListener log
INFO: Command line argument: -Djava.endorsed.dirs=C:\Tommy\College\hophacks 2016\apache-tomcat-7.0.67\endorsed
Feb 06, 2016 7:07:46 PM org.apache.catalina.startup.VersionLoggerListener log
INFO: Command line argument: -Dcatalina.base=C:\Tommy\College\hophacks 2016\apache-tomcat-7.0.67
Feb 06, 2016 7:07:46 PM org.apache.catalina.startup.VersionLoggerListener log
INFO: Command line argument: -Dcatalina.home=C:\Tommy\College\hophacks 2016\apache-tomcat-7.0.67
Feb 06, 2016 7:07:46 PM org.apache.catalina.startup.VersionLoggerListener log
INFO: Command line argument: -Djava.io.tmpdir=C:\Tommy\College\hophacks 2016\apache-tomcat-7.0.67\temp
Feb 06, 2016 7:07:46 PM org.apache.catalina.core.AprLifecycleListener lifecycleEvent
INFO: Loaded APR based Apache Tomcat Native library 1.1.33 using APR version 1.5.1.
Feb 06, 2016 7:07:46 PM org.apache.catalina.core.AprLifecycleListener lifecycleEvent
INFO: APR capabilities: IPv6 [true], sendfile [true], accept filters [false], random [true].
Feb 06, 2016 7:07:47 PM org.apache.catalina.core.AprLifecycleListener initializeSSL
INFO: OpenSSL successfully initialized (OpenSSL 1.0.1m 19 Mar 2015)
Feb 06, 2016 7:07:47 PM org.apache.coyote.AbstractProtocol init
INFO: Initializing ProtocolHandler ["http-apr-8080"]
Feb 06, 2016 7:07:47 PM org.apache.coyote.AbstractProtocol init
INFO: Initializing ProtocolHandler ["ajp-apr-8009"]
Feb 06, 2016 7:07:47 PM org.apache.catalina.startup.Catalina load
INFO: Initialization processed in 933 ms
Feb 06, 2016 7:07:47 PM org.apache.catalina.core.StandardService startInternal
INFO: Starting service Catalina
Feb 06, 2016 7:07:47 PM org.apache.catalina.core.StandardEngine startInternal
INFO: Starting Servlet Engine: Apache Tomcat/7.0.67
Feb 06, 2016 7:07:47 PM org.apache.catalina.startup.HostConfig deployWAR
INFO: Deploying web application archive C:\Tommy\College\hophacks 2016\apache-tomcat-7.0.67\webapps\webproj1.war
Feb 06, 2016 7:07:48 PM org.apache.catalina.startup.TldConfig execute
INFO: At least one JAR was scanned for TLDs yet contained no TLDs. Enable debug logging for this logger for a complete list of JARs that were scanned but no TLDs were found in them. Skipping unneeded JARs during scanning can improve startup time and JSP compilation time.
Feb 06, 2016 7:07:50 PM org.apache.catalina.startup.HostConfig deployWAR
INFO: Deployment of web application archive C:\Tommy\College\hophacks 2016\apache-tomcat-7.0.67\webapps\webproj1.war has finished in 2,857 ms
Feb 06, 2016 7:07:50 PM org.apache.catalina.startup.HostConfig deployDirectory
INFO: Deploying web application directory C:\Tommy\College\hophacks 2016\apache-tomcat-7.0.67\webapps\docs
Feb 06, 2016 7:07:50 PM org.apache.catalina.startup.HostConfig deployDirectory
INFO: Deployment of web application directory C:\Tommy\College\hophacks 2016\apache-tomcat-7.0.67\webapps\docs has finished in 49 ms
Feb 06, 2016 7:07:50 PM org.apache.catalina.startup.HostConfig deployDirectory
INFO: Deploying web application directory C:\Tommy\College\hophacks 2016\apache-tomcat-7.0.67\webapps\examples
Feb 06, 2016 7:07:50 PM org.apache.catalina.startup.HostConfig deployDirectory
INFO: Deployment of web application directory C:\Tommy\College\hophacks 2016\apache-tomcat-7.0.67\webapps\examples has finished in 282 ms
Feb 06, 2016 7:07:50 PM org.apache.catalina.startup.HostConfig deployDirectory
INFO: Deploying web application directory C:\Tommy\College\hophacks 2016\apache-tomcat-7.0.67\webapps\host-manager
Feb 06, 2016 7:07:50 PM org.apache.catalina.startup.HostConfig deployDirectory
INFO: Deployment of web application directory C:\Tommy\College\hophacks 2016\apache-tomcat-7.0.67\webapps\host-manager has finished in 52 ms
Feb 06, 2016 7:07:50 PM org.apache.catalina.startup.HostConfig deployDirectory
INFO: Deploying web application directory C:\Tommy\College\hophacks 2016\apache-tomcat-7.0.67\webapps\manager
Feb 06, 2016 7:07:50 PM org.apache.catalina.startup.HostConfig deployDirectory
INFO: Deployment of web application directory C:\Tommy\College\hophacks 2016\apache-tomcat-7.0.67\webapps\manager has finished in 46 ms
Feb 06, 2016 7:07:50 PM org.apache.catalina.startup.HostConfig deployDirectory
INFO: Deploying web application directory C:\Tommy\College\hophacks 2016\apache-tomcat-7.0.67\webapps\ROOT
Feb 06, 2016 7:07:50 PM org.apache.catalina.startup.HostConfig deployDirectory
INFO: Deployment of web application directory C:\Tommy\College\hophacks 2016\apache-tomcat-7.0.67\webapps\ROOT has finished in 41 ms
Feb 06, 2016 7:07:50 PM org.apache.coyote.AbstractProtocol start
INFO: Starting ProtocolHandler ["http-apr-8080"]
Feb 06, 2016 7:07:50 PM org.apache.coyote.AbstractProtocol start
INFO: Starting ProtocolHandler ["ajp-apr-8009"]
Feb 06, 2016 7:07:50 PM org.apache.catalina.startup.Catalina start
INFO: Server startup in 3381 ms
Feb 06, 2016 8:18:17 PM org.apache.catalina.startup.VersionLoggerListener log
INFO: Server version:        Apache Tomcat/7.0.67
Feb 06, 2016 8:18:17 PM org.apache.catalina.startup.VersionLoggerListener log
INFO: Server built:          Dec 7 2015 13:07:11 UTC
Feb 06, 2016 8:18:17 PM org.apache.catalina.startup.VersionLoggerListener log
INFO: Server number:         7.0.67.0
Feb 06, 2016 8:18:17 PM org.apache.catalina.startup.VersionLoggerListener log
INFO: OS Name:               Windows 8.1
Feb 06, 2016 8:18:17 PM org.apache.catalina.startup.VersionLoggerListener log
INFO: OS Version:            6.3
Feb 06, 2016 8:18:17 PM org.apache.catalina.startup.VersionLoggerListener log
INFO: Architecture:          amd64
Feb 06, 2016 8:18:17 PM org.apache.catalina.startup.VersionLoggerListener log
INFO: Java Home:             C:\Program Files\Java\jdk1.8.0_73\jre
Feb 06, 2016 8:18:17 PM org.apache.catalina.startup.VersionLoggerListener log
INFO: JVM Version:           1.8.0_73-b02
Feb 06, 2016 8:18:17 PM org.apache.catalina.startup.VersionLoggerListener log
INFO: JVM Vendor:            Oracle Corporation
Feb 06, 2016 8:18:17 PM org.apache.catalina.startup.VersionLoggerListener log
INFO: CATALINA_BASE:         C:\Tommy\College\hophacks 2016\apache-tomcat-7.0.67
Feb 06, 2016 8:18:17 PM org.apache.catalina.startup.VersionLoggerListener log
INFO: CATALINA_HOME:         C:\Tommy\College\hophacks 2016\apache-tomcat-7.0.67
Feb 06, 2016 8:18:17 PM org.apache.catalina.startup.VersionLoggerListener log
INFO: Command line argument: -Djava.util.logging.config.file=C:\Tommy\College\hophacks 2016\apache-tomcat-7.0.67\conf\logging.properties
Feb 06, 2016 8:18:17 PM org.apache.catalina.startup.VersionLoggerListener log
INFO: Command line argument: -Djava.util.logging.manager=org.apache.juli.ClassLoaderLogManager
Feb 06, 2016 8:18:17 PM org.apache.catalina.startup.VersionLoggerListener log
INFO: Command line argument: -Djava.endorsed.dirs=C:\Tommy\College\hophacks 2016\apache-tomcat-7.0.67\endorsed
Feb 06, 2016 8:18:17 PM org.apache.catalina.startup.VersionLoggerListener log
INFO: Command line argument: -Dcatalina.base=C:\Tommy\College\hophacks 2016\apache-tomcat-7.0.67
Feb 06, 2016 8:18:17 PM org.apache.catalina.startup.VersionLoggerListener log
INFO: Command line argument: -Dcatalina.home=C:\Tommy\College\hophacks 2016\apache-tomcat-7.0.67
Feb 06, 2016 8:18:17 PM org.apache.catalina.startup.VersionLoggerListener log
INFO: Command line argument: -Djava.io.tmpdir=C:\Tommy\College\hophacks 2016\apache-tomcat-7.0.67\temp
Feb 06, 2016 8:18:17 PM org.apache.catalina.core.AprLifecycleListener lifecycleEvent
INFO: Loaded APR based Apache Tomcat Native library 1.1.33 using APR version 1.5.1.
Feb 06, 2016 8:18:17 PM org.apache.catalina.core.AprLifecycleListener lifecycleEvent
INFO: APR capabilities: IPv6 [true], sendfile [true], accept filters [false], random [true].
Feb 06, 2016 8:18:17 PM org.apache.catalina.core.AprLifecycleListener initializeSSL
INFO: OpenSSL successfully initialized (OpenSSL 1.0.1m 19 Mar 2015)
Feb 06, 2016 8:18:17 PM org.apache.coyote.AbstractProtocol init
INFO: Initializing ProtocolHandler ["http-apr-8080"]
Feb 06, 2016 8:18:17 PM org.apache.coyote.AbstractProtocol init
INFO: Initializing ProtocolHandler ["ajp-apr-8009"]
Feb 06, 2016 8:18:17 PM org.apache.catalina.startup.Catalina load
INFO: Initialization processed in 948 ms
Feb 06, 2016 8:18:17 PM org.apache.catalina.core.StandardService startInternal
INFO: Starting service Catalina
Feb 06, 2016 8:18:17 PM org.apache.catalina.core.StandardEngine startInternal
INFO: Starting Servlet Engine: Apache Tomcat/7.0.67
Feb 06, 2016 8:18:17 PM org.apache.catalina.startup.HostConfig deployWAR
INFO: Deploying web application archive C:\Tommy\College\hophacks 2016\apache-tomcat-7.0.67\webapps\webproj1.war
Feb 06, 2016 8:18:18 PM org.apache.catalina.startup.TldConfig execute
INFO: At least one JAR was scanned for TLDs yet contained no TLDs. Enable debug logging for this logger for a complete list of JARs that were scanned but no TLDs were found in them. Skipping unneeded JARs during scanning can improve startup time and JSP compilation time.
Feb 06, 2016 8:18:20 PM org.apache.catalina.startup.HostConfig deployWAR
INFO: Deployment of web application archive C:\Tommy\College\hophacks 2016\apache-tomcat-7.0.67\webapps\webproj1.war has finished in 2,613 ms
Feb 06, 2016 8:18:20 PM org.apache.catalina.startup.HostConfig deployDirectory
INFO: Deploying web application directory C:\Tommy\College\hophacks 2016\apache-tomcat-7.0.67\webapps\docs
Feb 06, 2016 8:18:20 PM org.apache.catalina.startup.HostConfig deployDirectory
INFO: Deployment of web application directory C:\Tommy\College\hophacks 2016\apache-tomcat-7.0.67\webapps\docs has finished in 38 ms
Feb 06, 2016 8:18:20 PM org.apache.catalina.startup.HostConfig deployDirectory
INFO: Deploying web application directory C:\Tommy\College\hophacks 2016\apache-tomcat-7.0.67\webapps\examples
Feb 06, 2016 8:18:20 PM org.apache.catalina.startup.HostConfig deployDirectory
INFO: Deployment of web application directory C:\Tommy\College\hophacks 2016\apache-tomcat-7.0.67\webapps\examples has finished in 276 ms
Feb 06, 2016 8:18:20 PM org.apache.catalina.startup.HostConfig deployDirectory
INFO: Deploying web application directory C:\Tommy\College\hophacks 2016\apache-tomcat-7.0.67\webapps\host-manager
Feb 06, 2016 8:18:20 PM org.apache.catalina.startup.HostConfig deployDirectory
INFO: Deployment of web application directory C:\Tommy\College\hophacks 2016\apache-tomcat-7.0.67\webapps\host-manager has finished in 48 ms
Feb 06, 2016 8:18:20 PM org.apache.catalina.startup.HostConfig deployDirectory
INFO: Deploying web application directory C:\Tommy\College\hophacks 2016\apache-tomcat-7.0.67\webapps\manager
Feb 06, 2016 8:18:20 PM org.apache.catalina.startup.HostConfig deployDirectory
INFO: Deployment of web application directory C:\Tommy\College\hophacks 2016\apache-tomcat-7.0.67\webapps\manager has finished in 44 ms
Feb 06, 2016 8:18:20 PM org.apache.catalina.startup.HostConfig deployDirectory
INFO: Deploying web application directory C:\Tommy\College\hophacks 2016\apache-tomcat-7.0.67\webapps\ROOT
Feb 06, 2016 8:18:21 PM org.apache.catalina.startup.HostConfig deployDirectory
INFO: Deployment of web application directory C:\Tommy\College\hophacks 2016\apache-tomcat-7.0.67\webapps\ROOT has finished in 34 ms
Feb 06, 2016 8:18:21 PM org.apache.coyote.AbstractProtocol start
INFO: Starting ProtocolHandler ["http-apr-8080"]
Feb 06, 2016 8:18:21 PM org.apache.coyote.AbstractProtocol start
INFO: Starting ProtocolHandler ["ajp-apr-8009"]
Feb 06, 2016 8:18:21 PM org.apache.catalina.startup.Catalina start
INFO: Server startup in 3106 ms
